<?xml version="1.0" encoding="UTF-8"?>
<!-- Generated by org.testng.reporters.JUnitReportReporter -->
<testsuite hostname="DESKTOP-B66TLLE" failures="0" tests="7" name="com.sergii.tests.ApiTests" time="6.073" errors="0" timestamp="2024-01-02T15:15:20 CET" skipped="0">
  <testcase classname="com.sergii.tests.ApiTests" name="verifyBodyOfPostCreate" time="0.266"/>
  <testcase classname="com.sergii.tests.ApiTests" name="putUpdate" time="0.216"/>
  <testcase classname="com.sergii.tests.ApiTests" name="postCreate" time="0.207"/>
  <testcase classname="com.sergii.tests.ApiTests" name="deleteMethodCheck" time="4.004"/>
  <testcase classname="com.sergii.tests.ApiTests" name="getSingleResource" time="0.256"/>
  <testcase classname="com.sergii.tests.ApiTests" name="patchMethodCheck" time="0.262"/>
  <testcase classname="com.sergii.tests.ApiTests" name="verifyBodyOfGetSingleResource" time="0.862"/>
</testsuite> <!-- com.sergii.tests.ApiTests -->
