<?xml version="1.0" encoding="UTF-8"?>
<!-- Generated by org.testng.reporters.JUnitReportReporter -->
<testsuite hostname="DESKTOP-B66TLLE" failures="0" tests="2" name="com.sergii.runner.Runner" time="5.251" errors="0" timestamp="2024-01-09T17:49:01 CET" skipped="0">
  <testcase classname="com.sergii.runner.Runner" name="runScenario" time="0.183"/>
  <testcase classname="com.sergii.runner.Runner" name="runScenario" time="5.068"/>
</testsuite> <!-- com.sergii.runner.Runner -->
